time=2025-10-27T10:48:23.548-06:00 level=ERROR msg="sql: unknown driver \"postgres\" (forgotten import?)"
time=2025-10-27T10:49:43.185-06:00 level=ERROR msg="sql: unknown driver \"postgres\" (forgotten import?)"
time=2025-10-27T10:50:37.385-06:00 level=ERROR msg="sql: unknown driver \"postgres\" (forgotten import?)"
time=2025-10-27T10:51:33.347-06:00 level=ERROR msg="sql: unknown driver \"postgres\" (forgotten import?)"
time=2025-10-27T10:53:56.014-06:00 level=INFO msg="Starting server" address=:4000 env=development
time=2025-10-27T10:54:18.231-06:00 level=INFO msg="Shutting down server" signal=interrupt
time=2025-10-27T10:54:18.232-06:00 level=INFO msg="Completing background tasks" address=:4000
time=2025-10-27T10:54:18.232-06:00 level=INFO msg="Server stopped" addr=:4000
time=2025-10-27T10:54:40.245-06:00 level=INFO msg="Starting server" address=:4000 env=development
time=2025-10-27T11:07:56.211-06:00 level=INFO msg="Shutting down server" signal=interrupt
time=2025-10-27T11:07:56.211-06:00 level=INFO msg="Completing background tasks" address=:4000
time=2025-10-27T11:07:56.211-06:00 level=INFO msg="Server stopped" addr=:4000
time=2025-10-27T11:33:00.438-06:00 level=INFO msg="Starting server" address=:4000 env=development
time=2025-10-27T11:34:50.814-06:00 level=INFO msg="Shutting down server" signal=interrupt
time=2025-10-27T11:34:50.814-06:00 level=INFO msg="Completing background tasks" address=:4000
time=2025-10-27T11:34:50.814-06:00 level=INFO msg="Server stopped" addr=:4000
time=2025-10-29T20:46:25.324-06:00 level=INFO msg="Starting server" address=:4000 env=development
time=2025-10-29T20:46:31.824-06:00 level=INFO msg="Shutting down server" signal=interrupt
time=2025-10-29T20:46:31.824-06:00 level=INFO msg="Completing background tasks" address=:4000
time=2025-10-29T20:46:31.824-06:00 level=INFO msg="Server stopped" addr=:4000
time=2025-10-31T16:04:30.515-06:00 level=INFO msg="Starting server" address=:4000 env=development
time=2025-10-31T16:04:34.583-06:00 level=INFO msg="Shutting down server" signal=interrupt
time=2025-10-31T16:04:34.584-06:00 level=INFO msg="Completing background tasks" address=:4000
time=2025-10-31T16:04:34.584-06:00 level=INFO msg="Server stopped" addr=:4000
time=2025-10-31T17:05:38.455-06:00 level=ERROR msg="pq: password authentication failed for user \"amilcar\""
time=2025-10-31T17:14:56.697-06:00 level=INFO msg="Starting server" address=:4000 env=development
time=2025-10-31T17:15:03.951-06:00 level=INFO msg="Shutting down server" signal=interrupt
time=2025-10-31T17:15:03.952-06:00 level=INFO msg="Completing background tasks" address=:4000
time=2025-10-31T17:15:03.952-06:00 level=INFO msg="Server stopped" addr=:4000
time=2025-10-31T18:26:47.457-06:00 level=INFO msg="Starting server" address=:4000 env=development
time=2025-10-31T18:31:20.660-06:00 level=INFO msg="Shutting down server" signal=interrupt
time=2025-10-31T18:31:20.660-06:00 level=INFO msg="Completing background tasks" address=:4000
time=2025-10-31T18:31:20.660-06:00 level=INFO msg="Server stopped" addr=:4000
time=2025-10-31T18:32:22.077-06:00 level=INFO msg="Starting server" address=:4000 env=development
time=2025-10-31T18:32:49.818-06:00 level=INFO msg="Shutting down server" signal=interrupt
time=2025-10-31T18:32:49.818-06:00 level=INFO msg="Completing background tasks" address=:4000
time=2025-10-31T18:32:49.818-06:00 level=INFO msg="Server stopped" addr=:4000
time=2025-10-31T18:32:57.665-06:00 level=ERROR msg="pq: password authentication failed for user \"amilcar\""
time=2025-10-31T18:33:24.269-06:00 level=INFO msg="Starting server" address=:4000 env=development
time=2025-10-31T18:33:37.202-06:00 level=INFO msg="Shutting down server" signal=interrupt
time=2025-10-31T18:33:37.202-06:00 level=INFO msg="Completing background tasks" address=:4000
time=2025-10-31T18:33:37.202-06:00 level=INFO msg="Server stopped" addr=:4000
time=2025-10-31T18:33:44.667-06:00 level=INFO msg="Starting server" address=:4000 env=development
time=2025-10-31T18:35:25.194-06:00 level=INFO msg="Starting server" address=:4000 env=development
time=2025-10-31T18:35:25.194-06:00 level=ERROR msg="listen tcp :4000: bind: address already in use"
time=2025-10-31T18:35:36.642-06:00 level=INFO msg="Starting server" address=:4000 env=development
time=2025-10-31T18:35:46.124-06:00 level=ERROR msg="runtime error: invalid memory address or nil pointer dereference" method=GET uri=/v1/teachers
time=2025-10-31T18:36:39.223-06:00 level=INFO msg="Starting server" address=:4000 env=development
time=2025-10-31T18:37:16.755-06:00 level=ERROR msg="pq: duplicate key value violates unique constraint \"teachers_ssn_key\"" method=POST uri=/v1/teachers
time=2025-10-31T18:37:16.803-06:00 level=ERROR msg="pq: duplicate key value violates unique constraint \"teachers_ssn_key\"" method=POST uri=/v1/teachers
time=2025-10-31T18:37:24.737-06:00 level=ERROR msg="pq: duplicate key value violates unique constraint \"teachers_ssn_key\"" method=POST uri=/v1/teachers
time=2025-10-31T18:38:30.291-06:00 level=INFO msg="Starting server" address=:4000 env=development
time=2025-10-31T18:38:30.292-06:00 level=ERROR msg="listen tcp :4000: bind: address already in use"
time=2025-10-31T18:38:47.464-06:00 level=INFO msg="Starting server" address=:4000 env=development
time=2025-10-31T18:38:47.465-06:00 level=ERROR msg="listen tcp :4000: bind: address already in use"
time=2025-10-31T18:39:36.867-06:00 level=INFO msg="Starting server" address=:4000 env=development
time=2025-10-31T18:39:36.868-06:00 level=ERROR msg="listen tcp :4000: bind: address already in use"
time=2025-10-31T18:41:19.511-06:00 level=INFO msg="Starting server" address=:4000 env=development
time=2025-10-31T18:41:19.511-06:00 level=ERROR msg="listen tcp :4000: bind: address already in use"
time=2025-10-31T18:43:32.350-06:00 level=INFO msg="Starting server" address=:4000 env=development
time=2025-10-31T18:43:44.340-06:00 level=INFO msg="Shutting down server" signal=interrupt
time=2025-10-31T18:43:44.341-06:00 level=INFO msg="Completing background tasks" address=:4000
time=2025-10-31T18:43:44.341-06:00 level=INFO msg="Server stopped" addr=:4000
time=2025-10-31T18:43:51.171-06:00 level=INFO msg="Starting server" address=:4000 env=development
time=2025-10-31T18:47:06.495-06:00 level=INFO msg="Starting server" address=:4000 env=development
time=2025-10-31T18:47:06.496-06:00 level=ERROR msg="listen tcp :4000: bind: address already in use"
time=2025-10-31T18:47:22.464-06:00 level=INFO msg="Starting server" address=:4000 env=development
time=2025-10-31T19:15:39.320-06:00 level=ERROR msg="pq: duplicate key value violates unique constraint \"teachers_ssn_key\"" method=POST uri=/v1/teachers
time=2025-10-31T19:16:48.819-06:00 level=ERROR msg="pq: duplicate key value violates unique constraint \"teachers_ssn_key\"" method=POST uri=/v1/teachers
time=2025-10-31T19:17:08.400-06:00 level=INFO msg="Starting server" address=:4000 env=development
time=2025-10-31T19:17:08.400-06:00 level=ERROR msg="listen tcp :4000: bind: address already in use"
time=2025-10-31T19:17:41.334-06:00 level=ERROR msg="pq: duplicate key value violates unique constraint \"teachers_ssn_key\"" method=POST uri=/v1/teachers
time=2025-10-31T19:17:56.903-06:00 level=INFO msg="Shutting down server" signal=terminated
time=2025-10-31T19:17:56.903-06:00 level=INFO msg="Completing background tasks" address=:4000
time=2025-10-31T19:17:56.903-06:00 level=INFO msg="Server stopped" addr=:4000
time=2025-10-31T19:17:59.299-06:00 level=INFO msg="Starting server" address=:4000 env=development
time=2025-10-31T19:18:12.662-06:00 level=INFO msg="Shutting down server" signal=interrupt
time=2025-10-31T19:18:12.662-06:00 level=INFO msg="Completing background tasks" address=:4000
time=2025-10-31T19:18:12.662-06:00 level=INFO msg="Server stopped" addr=:4000
time=2025-10-31T19:18:20.321-06:00 level=INFO msg="Starting server" address=:4000 env=development
time=2025-10-31T19:18:24.678-06:00 level=ERROR msg="failed to insert teacher" error="pq: duplicate key value violates unique constraint \"teachers_ssn_key\""
time=2025-10-31T19:18:24.678-06:00 level=ERROR msg="pq: duplicate key value violates unique constraint \"teachers_ssn_key\"" method=POST uri=/v1/teachers
time=2025-10-31T19:18:46.893-06:00 level=ERROR msg="failed to insert teacher" error="pq: duplicate key value violates unique constraint \"teachers_ssn_key\""
time=2025-10-31T19:18:46.893-06:00 level=ERROR msg="pq: duplicate key value violates unique constraint \"teachers_ssn_key\"" method=POST uri=/v1/teachers
time=2025-10-31T19:19:03.637-06:00 level=ERROR msg="failed to insert teacher" error="pq: duplicate key value violates unique constraint \"teachers_ssn_key\""
time=2025-10-31T19:19:03.638-06:00 level=ERROR msg="pq: duplicate key value violates unique constraint \"teachers_ssn_key\"" method=POST uri=/v1/teachers
time=2025-10-31T19:20:04.603-06:00 level=INFO msg="Starting server" address=:4000 env=development
time=2025-10-31T19:20:04.603-06:00 level=ERROR msg="listen tcp :4000: bind: address already in use"
time=2025-10-31T19:21:00.344-06:00 level=ERROR msg="failed to insert teacher" error="pq: duplicate key value violates unique constraint \"teachers_ssn_key\""
time=2025-10-31T19:21:00.344-06:00 level=ERROR msg="pq: duplicate key value violates unique constraint \"teachers_ssn_key\"" method=POST uri=/v1/teachers
time=2025-10-31T19:21:06.784-06:00 level=INFO msg="Starting server" address=:4000 env=development
time=2025-10-31T19:21:06.785-06:00 level=ERROR msg="listen tcp :4000: bind: address already in use"
time=2025-10-31T19:21:10.729-06:00 level=ERROR msg="failed to insert teacher" error="pq: duplicate key value violates unique constraint \"teachers_ssn_key\""
time=2025-10-31T19:21:10.729-06:00 level=ERROR msg="pq: duplicate key value violates unique constraint \"teachers_ssn_key\"" method=POST uri=/v1/teachers
time=2025-10-31T19:21:26.877-06:00 level=INFO msg="Shutting down server" signal=terminated
time=2025-10-31T19:21:26.878-06:00 level=INFO msg="Completing background tasks" address=:4000
time=2025-10-31T19:21:26.878-06:00 level=INFO msg="Server stopped" addr=:4000
time=2025-10-31T19:22:39.565-06:00 level=INFO msg="Starting server" address=:4000 env=development
time=2025-10-31T19:23:08.801-06:00 level=INFO msg="Shutting down server" signal=interrupt
time=2025-10-31T19:23:08.801-06:00 level=INFO msg="Completing background tasks" address=:4000
time=2025-10-31T19:23:08.801-06:00 level=INFO msg="Server stopped" addr=:4000
time=2025-10-31T19:23:24.695-06:00 level=INFO msg="Starting server" address=:4000 env=development
time=2025-10-31T19:23:34.113-06:00 level=INFO msg="Shutting down server" signal=interrupt
time=2025-10-31T19:23:34.113-06:00 level=INFO msg="Completing background tasks" address=:4000
time=2025-10-31T19:23:34.113-06:00 level=INFO msg="Server stopped" addr=:4000
time=2025-11-04T18:57:41.398-06:00 level=INFO msg="Starting server" address=:4000 env=development
time=2025-11-04T19:33:49.875-06:00 level=INFO msg="Shutting down server" signal=interrupt
time=2025-11-04T19:33:49.876-06:00 level=INFO msg="Completing background tasks" address=:4000
time=2025-11-04T19:33:49.876-06:00 level=INFO msg="Server stopped" addr=:4000
